<?xml version="1.0" encoding="UTF-8"?>
<testng-results skipped="0" failed="0" ignored="0" total="1" passed="1">
  <reporter-output>
  </reporter-output>
  <suite name="Default suite" duration-ms="8574" started-at="2021-10-12T11:47:29 CDT" finished-at="2021-10-12T11:47:38 CDT">
    <groups>
    </groups>
    <test name="Default test" duration-ms="8574" started-at="2021-10-12T11:47:29 CDT" finished-at="2021-10-12T11:47:38 CDT">
      <class name="test.AddCustomerTestPage">
        <test-method status="PASS" signature="validUserShouldBeAbleToLogin()[pri:0, instance:test.AddCustomerTestPage@6ee52dcd]" name="validUserShouldBeAbleToLogin" duration-ms="8547" started-at="2021-10-12T11:47:29 CDT" finished-at="2021-10-12T11:47:38 CDT">
          <reporter-output>
          </reporter-output>
        </test-method> <!-- validUserShouldBeAbleToLogin -->
      </class> <!-- test.AddCustomerTestPage -->
    </test> <!-- Default test -->
  </suite> <!-- Default suite -->
</testng-results>
