<?xml version="1.0" encoding="UTF-8"?>
<testng-results skipped="0" failed="0" ignored="0" total="1" passed="1">
  <reporter-output>
  </reporter-output>
  <suite name="Default suite" duration-ms="18405" started-at="2022-01-06T21:29:18 CST" finished-at="2022-01-06T21:29:36 CST">
    <groups>
    </groups>
    <test name="Default test" duration-ms="18405" started-at="2022-01-06T21:29:18 CST" finished-at="2022-01-06T21:29:36 CST">
      <class name="test.AddCustomerTestPage">
        <test-method status="PASS" signature="validUserShouldBeAbleToLogin()[pri:0, instance:test.AddCustomerTestPage@6ee52dcd]" name="validUserShouldBeAbleToLogin" duration-ms="18367" started-at="2022-01-06T21:29:18 CST" finished-at="2022-01-06T21:29:36 CST">
          <reporter-output>
          </reporter-output>
        </test-method> <!-- validUserShouldBeAbleToLogin -->
      </class> <!-- test.AddCustomerTestPage -->
    </test> <!-- Default test -->
  </suite> <!-- Default suite -->
</testng-results>
